<?xml version="1.0" encoding="UTF-8"?>
<!-- Generated by org.testng.reporters.JUnitReportReporter -->
<testsuite name="com.yogesh.assesment.ExchangeRateAPI.TestRunner" tests="12" time="4.234" ignored="0" failures="0" timestamp="23 Dec 2020 05:01:51 GMT" skipped="0" hostname="LAPTOP-DHKJGDU5" errors="0">
  <testcase name="scenario" time="0.481" classname="com.yogesh.assesment.ExchangeRateAPI.TestRunner"/>
  <testcase name="scenario" time="0.192" classname="com.yogesh.assesment.ExchangeRateAPI.TestRunner"/>
  <testcase name="scenario" time="0.459" classname="com.yogesh.assesment.ExchangeRateAPI.TestRunner"/>
  <testcase name="scenario" time="0.228" classname="com.yogesh.assesment.ExchangeRateAPI.TestRunner"/>
  <testcase name="scenario" time="0.220" classname="com.yogesh.assesment.ExchangeRateAPI.TestRunner"/>
  <testcase name="scenario" time="0.213" classname="com.yogesh.assesment.ExchangeRateAPI.TestRunner"/>
  <testcase name="scenario" time="0.431" classname="com.yogesh.assesment.ExchangeRateAPI.TestRunner"/>
  <testcase name="scenario" time="0.191" classname="com.yogesh.assesment.ExchangeRateAPI.TestRunner"/>
  <testcase name="scenario" time="0.902" classname="com.yogesh.assesment.ExchangeRateAPI.TestRunner"/>
  <testcase name="scenario" time="0.230" classname="com.yogesh.assesment.ExchangeRateAPI.TestRunner"/>
  <testcase name="scenario" time="0.219" classname="com.yogesh.assesment.ExchangeRateAPI.TestRunner"/>
  <testcase name="scenario" time="0.468" classname="com.yogesh.assesment.ExchangeRateAPI.TestRunner"/>
</testsuite> <!-- com.yogesh.assesment.ExchangeRateAPI.TestRunner -->
